/*C2*/SET SCHEMA PUBLIC
DISCONNECT
/*C3*/SET SCHEMA PUBLIC
create table PasswordResetToken (id bigint generated by default as identity (start with 1), expiryDate timestamp, token varchar(255), usuario_id bigint, primary key (id))
alter table PasswordResetToken add constraint FKqwahbq6ul4p98h8lhr8p59j7v foreign key (usuario_id) references Usuario
DISCONNECT
/*C5*/SET SCHEMA PUBLIC
DISCONNECT
/*C6*/SET SCHEMA PUBLIC
DISCONNECT
/*C7*/SET SCHEMA PUBLIC
DISCONNECT
/*C8*/SET SCHEMA PUBLIC
DISCONNECT
/*C9*/SET SCHEMA PUBLIC
DISCONNECT
/*C10*/SET SCHEMA PUBLIC
INSERT INTO USUARIO VALUES(73,'gabriel@hotmail.com','$2a$10$CXWYLQAiwc/.uXC7ny7wCOoADi91oIbS.nKBCgLx/ovP32hxewbBK','user',NULL,TRUE,NULL,NULL)
COMMIT
DISCONNECT
/*C11*/SET SCHEMA PUBLIC
DISCONNECT
/*C12*/SET SCHEMA PUBLIC
DISCONNECT
/*C13*/SET SCHEMA PUBLIC
DISCONNECT
/*C14*/SET SCHEMA PUBLIC
DISCONNECT
/*C15*/SET SCHEMA PUBLIC
DISCONNECT
/*C16*/SET SCHEMA PUBLIC
DISCONNECT
/*C17*/SET SCHEMA PUBLIC
DISCONNECT
/*C18*/SET SCHEMA PUBLIC
DISCONNECT
/*C19*/SET SCHEMA PUBLIC
INSERT INTO LOG VALUES(23,1,'2019-06-16 21:35:14.056000',73)
COMMIT
DISCONNECT
